karma617-downloader/app/build/intermediates/manifest_merge_blame_file/debug/manifest-merger-blame-debug-report.txt
1<?xml version="1.0" encoding="utf-8"?>
2<manifest xmlns:android="http://schemas.android.com/apk/res/android"
3    package="com.qdapi.downloader"
4    android:versionCode="1"
5    android:versionName="1.0" >
6
7    <uses-sdk
8        android:minSdkVersion="28"
8-->src\main\AndroidManifest.xml
9        android:targetSdkVersion="28" />
9-->src\main\AndroidManifest.xml
10
11    <supports-screens
11-->src\main\AndroidManifest.xml:6:5-11:39
12        android:anyDensity="true"
12-->src\main\AndroidManifest.xml:7:9-34
13        android:largeScreens="true"
13-->src\main\AndroidManifest.xml:8:9-36
14        android:normalScreens="true"
14-->src\main\AndroidManifest.xml:9:9-37
15        android:resizeable="true"
15-->src\main\AndroidManifest.xml:10:9-34
16        android:smallScreens="true" />
16-->src\main\AndroidManifest.xml:11:9-36
17
18    <!-- Barcode(二维码)  begin -->
19    <uses-permission android:name="android.permission.CAMERA" />
19-->src\main\AndroidManifest.xml:14:5-65
19-->src\main\AndroidManifest.xml:14:22-62
20    <uses-permission android:name="android.permission.WRITE_EXTERNAL_STORAGE" />
20-->src\main\AndroidManifest.xml:15:5-81
20-->src\main\AndroidManifest.xml:15:22-78
21
22    <uses-feature android:name="android.hardware.camera" />
22-->src\main\AndroidManifest.xml:17:5-60
22-->src\main\AndroidManifest.xml:17:19-57
23    <uses-feature android:name="android.hardware.camera.autofocus" />
23-->src\main\AndroidManifest.xml:18:5-70
23-->src\main\AndroidManifest.xml:18:19-67
24
25    <uses-permission android:name="android.permission.VIBRATE" />
25-->src\main\AndroidManifest.xml:20:5-66
25-->src\main\AndroidManifest.xml:20:22-63
26    <uses-permission android:name="android.permission.FLASHLIGHT" />
26-->src\main\AndroidManifest.xml:21:5-69
26-->src\main\AndroidManifest.xml:21:22-66
27    <uses-permission android:name="android.permission.INTERNET" />
27-->[lib.5plus.base-release.aar] AndroidManifest.xml:17:5-67
27-->[lib.5plus.base-release.aar] AndroidManifest.xml:17:22-64
28    <uses-permission android:name="android.permission.ACCESS_NETWORK_STATE" />
28-->[lib.5plus.base-release.aar] AndroidManifest.xml:18:5-79
28-->[lib.5plus.base-release.aar] AndroidManifest.xml:18:22-76
29    <!--
30    <uses-permission
31        android:name="com.android.launcher.permission.UNINSTALL_SHORTCUT" />
32    -->
33    <!-- 华为修改角标需要设置权限 -->
34    <uses-permission android:name="com.huawei.android.launcher.permission.CHANGE_BADGE" /> <!-- vivo 修改角标需要设置权限 -->
34-->[lib.5plus.base-release.aar] AndroidManifest.xml:24:5-91
34-->[lib.5plus.base-release.aar] AndroidManifest.xml:24:22-88
35    <uses-permission android:name="com.vivo.notification.permission.BADGE_ICON" />
35-->[lib.5plus.base-release.aar] AndroidManifest.xml:26:5-83
35-->[lib.5plus.base-release.aar] AndroidManifest.xml:26:22-80
36
37    <queries>
37-->[lib.5plus.base-release.aar] AndroidManifest.xml:28:5-37:15
38        <intent>
38-->[lib.5plus.base-release.aar] AndroidManifest.xml:29:9-31:18
39            <action android:name="android.intent.action.MAIN" />
39-->src\main\AndroidManifest.xml:55:17-68
39-->src\main\AndroidManifest.xml:55:25-66
40        </intent>
41        <intent>
41-->[lib.5plus.base-release.aar] AndroidManifest.xml:32:9-36:18
42            <action android:name="android.intent.action.VIEW" />
42-->src\main\AndroidManifest.xml:44:17-68
42-->src\main\AndroidManifest.xml:44:25-66
43
44            <category android:name="android.intent.category.DEFAULT" />
44-->src\main\AndroidManifest.xml:46:17-75
44-->src\main\AndroidManifest.xml:46:27-73
45        </intent>
46    </queries>
47
48    <uses-permission android:name="android.permission.READ_EXTERNAL_STORAGE" />
49    <uses-permission android:name="com.asus.msa.SupplementaryDID.ACCESS" />
49-->[oaid_sdk_1.0.25.aar] AndroidManifest.xml:13:5-76
49-->[oaid_sdk_1.0.25.aar] AndroidManifest.xml:13:22-73
50    <uses-permission android:name="freemme.permission.msa" /> <!-- Barcode(二维码)  end -->
50-->[oaid_sdk_1.0.25.aar] AndroidManifest.xml:15:5-62
50-->[oaid_sdk_1.0.25.aar] AndroidManifest.xml:15:22-59
51    <application
51-->src\main\AndroidManifest.xml:24:5-99:19
52        android:name="io.dcloud.application.DCloudApplication"
52-->src\main\AndroidManifest.xml:25:9-63
53        android:allowBackup="true"
53-->src\main\AndroidManifest.xml:26:9-35
54        android:allowClearUserData="true"
54-->src\main\AndroidManifest.xml:27:9-42
55        android:appComponentFactory="androidx.core.app.CoreComponentFactory"
55-->[androidx.core:core:1.0.0] AndroidManifest.xml:22:18-86
56        android:debuggable="true"
56-->src\main\AndroidManifest.xml:31:9-34
57        android:extractNativeLibs="true"
57-->[uniapp-v8-release.aar] AndroidManifest.xml:29:18-50
58        android:icon="@drawable/icon"
58-->src\main\AndroidManifest.xml:28:9-38
59        android:label="@string/app_name"
59-->src\main\AndroidManifest.xml:29:9-41
60        android:largeHeap="true"
60-->src\main\AndroidManifest.xml:30:9-33
61        android:supportsRtl="true"
61-->src\main\AndroidManifest.xml:32:9-35
62        android:testOnly="true"
63        android:usesCleartextTraffic="true" >
63-->[lib.5plus.base-release.aar] AndroidManifest.xml:172:9-44
64
65        <!-- 应用入口 -->
66        <activity
66-->src\main\AndroidManifest.xml:36:9-58:20
67            android:name="io.dcloud.PandoraEntry"
67-->src\main\AndroidManifest.xml:37:13-50
68            android:configChanges="orientation|keyboardHidden|screenSize|mcc|mnc|fontScale"
68-->src\main\AndroidManifest.xml:39:13-92
69            android:hardwareAccelerated="true"
69-->src\main\AndroidManifest.xml:40:13-47
70            android:theme="@style/TranslucentTheme"
70-->src\main\AndroidManifest.xml:38:13-52
71            android:windowSoftInputMode="adjustResize" >
71-->src\main\AndroidManifest.xml:41:13-55
72            <intent-filter>
72-->src\main\AndroidManifest.xml:42:13-48:29
73                <data android:scheme="hbuilder" />
73-->src\main\AndroidManifest.xml:43:17-50
73-->src\main\AndroidManifest.xml:43:23-48
74
75                <action android:name="android.intent.action.VIEW" />
75-->src\main\AndroidManifest.xml:44:17-68
75-->src\main\AndroidManifest.xml:44:25-66
76
77                <category android:name="android.intent.category.DEFAULT" />
77-->src\main\AndroidManifest.xml:46:17-75
77-->src\main\AndroidManifest.xml:46:27-73
78                <category android:name="android.intent.category.BROWSABLE" />
78-->src\main\AndroidManifest.xml:47:17-77
78-->src\main\AndroidManifest.xml:47:27-75
79            </intent-filter>
80            <intent-filter>
80-->src\main\AndroidManifest.xml:49:13-53:29
81                <data android:mimeType="image/*" />
81-->src\main\AndroidManifest.xml:43:17-50
81-->src\main\AndroidManifest.xml:50:23-49
82
83                <action android:name="android.intent.action.SEND" />
83-->src\main\AndroidManifest.xml:51:17-68
83-->src\main\AndroidManifest.xml:51:25-66
84
85                <category android:name="android.intent.category.DEFAULT" />
85-->src\main\AndroidManifest.xml:46:17-75
85-->src\main\AndroidManifest.xml:46:27-73
86            </intent-filter>
87            <intent-filter>
87-->src\main\AndroidManifest.xml:54:13-57:29
88                <action android:name="android.intent.action.MAIN" />
88-->src\main\AndroidManifest.xml:55:17-68
88-->src\main\AndroidManifest.xml:55:25-66
89
90                <category android:name="android.intent.category.LAUNCHER" />
90-->src\main\AndroidManifest.xml:56:17-76
90-->src\main\AndroidManifest.xml:56:27-74
91            </intent-filter>
92        </activity>
93
94        <meta-data
94-->src\main\AndroidManifest.xml:59:9-60:35
95            android:name="dcloud_uninview_background"
95-->src\main\AndroidManifest.xml:59:20-61
96            android:value="true" />
96-->src\main\AndroidManifest.xml:60:13-33
97
98        <activity
98-->src\main\AndroidManifest.xml:62:9-86:20
99            android:name="io.dcloud.PandoraEntryActivity"
99-->src\main\AndroidManifest.xml:63:13-58
100            android:configChanges="orientation|keyboardHidden|screenSize|mcc|mnc|fontScale|keyboard|smallestScreenSize|screenLayout|screenSize"
100-->src\main\AndroidManifest.xml:65:13-144
101            android:hardwareAccelerated="true"
101-->src\main\AndroidManifest.xml:66:13-47
102            android:launchMode="singleTask"
102-->src\main\AndroidManifest.xml:64:13-44
103            android:permission="com.miui.securitycenter.permission.AppPermissionsEditor"
103-->src\main\AndroidManifest.xml:67:13-89
104            android:screenOrientation="user"
104-->src\main\AndroidManifest.xml:68:13-45
105            android:theme="@style/DCloudTheme"
105-->src\main\AndroidManifest.xml:69:13-47
106            android:windowSoftInputMode="adjustResize" >
106-->src\main\AndroidManifest.xml:70:13-55
107            <intent-filter>
107-->src\main\AndroidManifest.xml:72:13-85:29
108                <category android:name="android.intent.category.DEFAULT" />
108-->src\main\AndroidManifest.xml:46:17-75
108-->src\main\AndroidManifest.xml:46:27-73
109                <category android:name="android.intent.category.BROWSABLE" />
109-->src\main\AndroidManifest.xml:47:17-77
109-->src\main\AndroidManifest.xml:47:27-75
110
111                <action android:name="android.intent.action.VIEW" />
111-->src\main\AndroidManifest.xml:44:17-68
111-->src\main\AndroidManifest.xml:44:25-66
112
113                <data android:scheme=" " />
113-->src\main\AndroidManifest.xml:43:17-50
113-->src\main\AndroidManifest.xml:43:23-48
114            </intent-filter>
115        </activity>
116
117        <provider
117-->src\main\AndroidManifest.xml:87:9-95:20
118            android:name="io.dcloud.common.util.DCloud_FileProvider"
118-->src\main\AndroidManifest.xml:88:13-69
119            android:authorities="com.android.UniPlugin.dc.fileprovider"
119-->src\main\AndroidManifest.xml:89:13-72
120            android:exported="false"
120-->src\main\AndroidManifest.xml:90:13-37
121            android:grantUriPermissions="true" >
121-->src\main\AndroidManifest.xml:91:13-47
122            <meta-data
122-->src\main\AndroidManifest.xml:92:13-94:64
123                android:name="android.support.FILE_PROVIDER_PATHS"
123-->src\main\AndroidManifest.xml:93:17-67
124                android:resource="@xml/dcloud_file_provider" />
124-->src\main\AndroidManifest.xml:94:17-61
125        </provider>
126
127        <meta-data
127-->src\main\AndroidManifest.xml:96:9-98:64
128            android:name="dcloud_appkey"
128-->src\main\AndroidManifest.xml:97:13-41
129            android:value="e1a20f3026b1bc6b3bd818a45b71bc75" />
129-->src\main\AndroidManifest.xml:98:13-61
130
131        <activity
131-->[lib.5plus.base-release.aar] AndroidManifest.xml:173:9-176:40
132            android:name="io.dcloud.imagepick.CustomGalleryActivity"
132-->[lib.5plus.base-release.aar] AndroidManifest.xml:174:13-69
133            android:exported="false"
133-->[lib.5plus.base-release.aar] AndroidManifest.xml:175:13-37
134            android:noHistory="true" />
134-->[lib.5plus.base-release.aar] AndroidManifest.xml:176:13-37
135        <activity
135-->[lib.5plus.base-release.aar] AndroidManifest.xml:177:9-181:58
136            android:name="io.dcloud.feature.nativeObj.photoview.PhotoActivity"
136-->[lib.5plus.base-release.aar] AndroidManifest.xml:178:13-79
137            android:exported="false"
137-->[lib.5plus.base-release.aar] AndroidManifest.xml:179:13-37
138            android:noHistory="false"
138-->[lib.5plus.base-release.aar] AndroidManifest.xml:180:13-38
139            android:theme="@style/DeviceDefault.Light" />
139-->[lib.5plus.base-release.aar] AndroidManifest.xml:181:13-55
140        <activity
140-->[lib.5plus.base-release.aar] AndroidManifest.xml:182:9-192:58
141            android:name="io.dcloud.WebAppActivity"
141-->[lib.5plus.base-release.aar] AndroidManifest.xml:183:13-52
142            android:configChanges="orientation|keyboardHidden|screenSize|mcc|mnc|fontScale"
142-->[lib.5plus.base-release.aar] AndroidManifest.xml:184:13-92
143            android:hardwareAccelerated="true"
143-->[lib.5plus.base-release.aar] AndroidManifest.xml:185:13-47
144            android:icon="@drawable/dcloud_recent"
144-->[lib.5plus.base-release.aar] AndroidManifest.xml:186:13-51
145            android:label="@string/stream_my"
145-->[lib.5plus.base-release.aar] AndroidManifest.xml:187:13-46
146            android:launchMode="singleTask"
146-->[lib.5plus.base-release.aar] AndroidManifest.xml:188:13-44
147            android:screenOrientation="portrait"
147-->[lib.5plus.base-release.aar] AndroidManifest.xml:189:13-49
148            android:taskAffinity=":stream"
148-->[lib.5plus.base-release.aar] AndroidManifest.xml:190:13-43
149            android:theme="@style/DCloudTheme"
149-->[lib.5plus.base-release.aar] AndroidManifest.xml:191:13-47
150            android:windowSoftInputMode="adjustResize" />
150-->[lib.5plus.base-release.aar] AndroidManifest.xml:192:13-55
151        <activity
151-->[lib.5plus.base-release.aar] AndroidManifest.xml:193:9-197:75
152            android:name="io.dcloud.ProcessMediator"
152-->[lib.5plus.base-release.aar] AndroidManifest.xml:194:13-53
153            android:excludeFromRecents="true"
153-->[lib.5plus.base-release.aar] AndroidManifest.xml:195:13-46
154            android:exported="false"
154-->[lib.5plus.base-release.aar] AndroidManifest.xml:196:13-37
155            android:theme="@android:style/Theme.Translucent.NoTitleBar" />
155-->[lib.5plus.base-release.aar] AndroidManifest.xml:197:13-72
156        <activity
156-->[lib.5plus.base-release.aar] AndroidManifest.xml:198:9-204:20
157            android:name="io.dcloud.WebviewActivity"
157-->[lib.5plus.base-release.aar] AndroidManifest.xml:199:13-53
158            android:exported="false"
158-->[lib.5plus.base-release.aar] AndroidManifest.xml:200:13-37
159            android:screenOrientation="portrait"
159-->[lib.5plus.base-release.aar] AndroidManifest.xml:201:13-49
160            android:theme="@style/ThemeNoTitleBar"
160-->[lib.5plus.base-release.aar] AndroidManifest.xml:202:13-51
161            android:windowSoftInputMode="adjustPan" >
161-->[lib.5plus.base-release.aar] AndroidManifest.xml:203:13-52
162        </activity>
163
164        <receiver
164-->[lib.5plus.base-release.aar] AndroidManifest.xml:206:9-214:20
165            android:name="io.dcloud.common.adapter.io.DownloadReceiver"
165-->[lib.5plus.base-release.aar] AndroidManifest.xml:207:13-72
166            android:exported="false" >
166-->[lib.5plus.base-release.aar] AndroidManifest.xml:208:13-37
167            <intent-filter>
167-->[lib.5plus.base-release.aar] AndroidManifest.xml:209:13-213:29
168                <action android:name="android.intent.action.PACKAGE_ADDED" />
168-->[lib.5plus.base-release.aar] AndroidManifest.xml:210:17-78
168-->[lib.5plus.base-release.aar] AndroidManifest.xml:210:25-75
169
170                <data android:scheme="package" /> <!-- HERE! -->
170-->src\main\AndroidManifest.xml:43:17-50
170-->src\main\AndroidManifest.xml:43:23-48
171            </intent-filter>
172        </receiver> <!-- gallery******start -->
173        <activity
173-->[lib.5plus.base-release.aar] AndroidManifest.xml:217:9-222:63
174            android:name="com.dmcbig.mediapicker.PickerActivity"
174-->[lib.5plus.base-release.aar] AndroidManifest.xml:218:13-65
175            android:configChanges="orientation|screenSize"
175-->[lib.5plus.base-release.aar] AndroidManifest.xml:219:13-59
176            android:exported="false"
176-->[lib.5plus.base-release.aar] AndroidManifest.xml:220:13-37
177            android:theme="@style/DeviceDefault.Light"
177-->[lib.5plus.base-release.aar] AndroidManifest.xml:221:13-55
178            android:windowSoftInputMode="stateAlwaysHidden" />
178-->[lib.5plus.base-release.aar] AndroidManifest.xml:222:13-60
179        <activity
179-->[lib.5plus.base-release.aar] AndroidManifest.xml:223:9-228:63
180            android:name="com.dmcbig.mediapicker.PreviewActivity"
180-->[lib.5plus.base-release.aar] AndroidManifest.xml:224:13-66
181            android:configChanges="orientation|screenSize"
181-->[lib.5plus.base-release.aar] AndroidManifest.xml:225:13-59
182            android:exported="false"
182-->[lib.5plus.base-release.aar] AndroidManifest.xml:226:13-37
183            android:theme="@style/DeviceDefault.Light"
183-->[lib.5plus.base-release.aar] AndroidManifest.xml:227:13-55
184            android:windowSoftInputMode="stateAlwaysHidden" /> <!-- gallery******end -->
184-->[lib.5plus.base-release.aar] AndroidManifest.xml:228:13-60
185        <!--
186            <provider
187            android:name="io.dcloud.common.util.DCloud_FileProvider"
188            android:authorities="${apk.applicationId}.dc.fileprovider"
189            android:exported="false"
190            android:grantUriPermissions="true">
191            <meta-data
192                android:name="android.support.FILE_PROVIDER_PATHS"
193                android:resource="@xml/dcloud_file_provider" />
194        </provider>
195        -->
196        <!--
197            <meta-data
198            android:name="DCLOUD_STREAMAPP_CHANNEL"
199            android:value="io.dcloud.%APPID%|%APPID%|" />
200        -->
201        <meta-data
201-->[lib.5plus.base-release.aar] AndroidManifest.xml:249:9-251:35
202            android:name="android.max_aspect"
202-->[lib.5plus.base-release.aar] AndroidManifest.xml:250:13-46
203            android:value="2.4" />
203-->[lib.5plus.base-release.aar] AndroidManifest.xml:251:13-32
204
205        <activity
205-->[lib.5plus.base-release.aar] AndroidManifest.xml:253:9-258:63
206            android:name="io.dcloud.feature.gallery.imageedit.IMGEditActivity"
206-->[lib.5plus.base-release.aar] AndroidManifest.xml:254:13-79
207            android:configChanges="orientation|keyboardHidden|screenSize"
207-->[lib.5plus.base-release.aar] AndroidManifest.xml:255:13-74
208            android:exported="false"
208-->[lib.5plus.base-release.aar] AndroidManifest.xml:256:13-37
209            android:theme="@style/ImageEditTheme"
209-->[lib.5plus.base-release.aar] AndroidManifest.xml:257:13-50
210            android:windowSoftInputMode="stateAlwaysHidden" />
210-->[lib.5plus.base-release.aar] AndroidManifest.xml:258:13-60
211
212        <service
212-->[lib.5plus.base-release.aar] AndroidManifest.xml:260:9-263:72
213            android:name="io.dcloud.ads.base.service.DownloadService"
213-->[lib.5plus.base-release.aar] AndroidManifest.xml:261:13-70
214            android:exported="false"
214-->[lib.5plus.base-release.aar] AndroidManifest.xml:262:13-37
215            android:permission="android.permission.BIND_JOB_SERVICE" />
215-->[lib.5plus.base-release.aar] AndroidManifest.xml:263:13-69
216
217        <receiver
217-->[uniapp-v8-release.aar] AndroidManifest.xml:30:9-34:20
218            android:name="com.taobao.weex.WXGlobalEventReceiver"
218-->[uniapp-v8-release.aar] AndroidManifest.xml:31:13-65
219            android:enabled="true"
219-->[uniapp-v8-release.aar] AndroidManifest.xml:32:13-35
220            android:exported="false" >
220-->[uniapp-v8-release.aar] AndroidManifest.xml:33:13-37
221        </receiver>
222
223        <service
223-->[androidx.room:room-runtime:2.2.5] AndroidManifest.xml:25:9-28:40
224            android:name="androidx.room.MultiInstanceInvalidationService"
224-->[androidx.room:room-runtime:2.2.5] AndroidManifest.xml:26:13-74
225            android:directBootAware="true"
225-->[androidx.room:room-runtime:2.2.5] AndroidManifest.xml:27:13-43
226            android:exported="false" />
226-->[androidx.room:room-runtime:2.2.5] AndroidManifest.xml:28:13-37
227    </application>
228
229</manifest>